DEBUG:root:Unique usernames: []
DEBUG:root:Active users: ['']
DEBUG:root:Number of processes before sorting: 0
DEBUG:root:Number of processes after limiting: 0
DEBUG:root:Unique usernames: []
DEBUG:root:Active users: ['']
DEBUG:root:Number of processes before sorting: 0
DEBUG:root:Number of processes after limiting: 0
DEBUG:root:Unique usernames: []
DEBUG:root:Active users: ['']
DEBUG:root:Number of processes before sorting: 0
DEBUG:root:Number of processes after limiting: 0
DEBUG:root:Unique usernames: []
DEBUG:root:Active users: ['']
DEBUG:root:Number of processes before sorting: 0
DEBUG:root:Number of processes after limiting: 0
DEBUG:root:Unique usernames: []
DEBUG:root:Active users: ['']
DEBUG:root:Number of processes before sorting: 0
DEBUG:root:Number of processes after limiting: 0
DEBUG:root:Unique usernames: []
DEBUG:root:Active users: ['']
DEBUG:root:Number of processes before sorting: 0
DEBUG:root:Number of processes after limiting: 0
DEBUG:root:Unique usernames: []
DEBUG:root:Active users: ['']
DEBUG:root:Number of processes before sorting: 0
DEBUG:root:Number of processes after limiting: 0
DEBUG:root:Unique usernames: []
DEBUG:root:Active users: ['']
DEBUG:root:Number of processes before sorting: 0
DEBUG:root:Number of processes after limiting: 0
DEBUG:root:Unique usernames: ['azuredev']
DEBUG:root:Active users: ['azuredev']
DEBUG:root:Number of processes before sorting: 116
DEBUG:root:Number of processes after limiting: 10
DEBUG:root:Unique usernames: ['azuredev']
DEBUG:root:Active users: ['azuredev']
DEBUG:root:Number of processes before sorting: 116
DEBUG:root:Number of processes after limiting: 10
DEBUG:root:Unique usernames: ['azuredev']
DEBUG:root:Active users: ['azuredev']
DEBUG:root:Number of processes before sorting: 117
DEBUG:root:Number of processes after limiting: 10
DEBUG:root:Process list updated with 10 items
DEBUG:root:Unique usernames: ['azuredev']
DEBUG:root:Active users: ['azuredev']
DEBUG:root:Number of processes before sorting: 116
DEBUG:root:Number of processes after limiting: 10
DEBUG:root:Process list updated with 10 items
DEBUG:root:Unique usernames: ['azuredev']
DEBUG:root:Active users: ['azuredev']
DEBUG:root:Number of processes before sorting: 115
DEBUG:root:Number of processes after limiting: 10
DEBUG:root:Process list updated with 10 items
DEBUG:root:Unique usernames: ['azuredev']
DEBUG:root:Active users: ['azuredev']
DEBUG:root:Number of processes before sorting: 115
DEBUG:root:Number of processes after limiting: 10
DEBUG:root:Unique usernames: ['azuredev']
DEBUG:root:Active users: ['azuredev']
DEBUG:root:Number of processes before sorting: 115
DEBUG:root:Number of processes after limiting: 10
DEBUG:root:Unique usernames: ['azuredev']
DEBUG:root:Active users: ['azuredev']
DEBUG:root:Number of processes before sorting: 115
DEBUG:root:Number of processes after limiting: 10
DEBUG:root:Unique usernames: ['azuredev']
DEBUG:root:Active users: ['azuredev']
DEBUG:root:Number of processes before sorting: 115
DEBUG:root:Number of processes after limiting: 10
DEBUG:root:Unique usernames: ['azuredev']
DEBUG:root:Active users: ['azuredev']
DEBUG:root:Number of processes before sorting: 115
DEBUG:root:Number of processes after limiting: 10
DEBUG:root:Unique usernames: ['azuredev']
DEBUG:root:Active users: ['azuredev']
DEBUG:root:Number of processes before sorting: 115
DEBUG:root:Number of processes after limiting: 10
DEBUG:root:Unique usernames: ['azuredev']
DEBUG:root:Active users: ['azuredev']
DEBUG:root:Number of processes before sorting: 115
DEBUG:root:Number of processes after limiting: 10
DEBUG:root:Unique usernames: ['azuredev']
DEBUG:root:Active users: ['azuredev']
DEBUG:root:Number of processes before sorting: 115
DEBUG:root:Number of processes after limiting: 10
DEBUG:root:Unique usernames: ['azuredev']
DEBUG:root:Active users: ['azuredev']
DEBUG:root:Number of processes before sorting: 115
DEBUG:root:Number of processes after limiting: 10
DEBUG:root:Unique usernames: ['azuredev']
DEBUG:root:Active users: ['azuredev']
DEBUG:root:Number of processes before sorting: 115
DEBUG:root:Number of processes after limiting: 10
DEBUG:root:Unique usernames: ['azuredev']
DEBUG:root:Active users: ['azuredev']
DEBUG:root:Number of processes before sorting: 115
DEBUG:root:Number of processes after limiting: 10
